<?xml version="1.0" encoding="UTF-8"?>
<robot generator="Robot 4.1 (Python 3.8.10 on win32)" generated="20220510 17:16:45.882" rpa="false" schemaversion="2">
<suite id="s1" name="Robot Interactive Console" source="c:\Users\merhassa\.vscode\extensions\robocorp.robotframework-lsp-0.46.0\src\robotframework_ls\vendored\robotframework_interactive\robot_interactive_console.robot">
<test id="s1-t1" name="Default Task/Test">
<kw name="Interpreter Main Loop" library="MainLoop">
<status status="PASS" starttime="20220510 17:16:45.946" endtime="20220510 17:16:49.414"/>
</kw>
<status status="PASS" starttime="20220510 17:16:45.945" endtime="20220510 17:16:49.415"/>
</test>
<status status="PASS" starttime="20220510 17:16:45.886" endtime="20220510 17:16:49.419"/>
</suite>
<statistics>
<total>
<stat pass="1" fail="0" skip="0">All Tests</stat>
</total>
<tag>
</tag>
<suite>
<stat pass="1" fail="0" skip="0" id="s1" name="Robot Interactive Console">Robot Interactive Console</stat>
</suite>
</statistics>
<errors>
</errors>
</robot>
